<?xml version="1.0" encoding="UTF-8"?>
<testsuite xmlns:xsi="http://www.w3.org/2001/XMLSchema-instance" xsi:noNamespaceSchemaLocation="https://maven.apache.org/surefire/maven-surefire-plugin/xsd/surefire-test-report-3.0.xsd" version="3.0" name="RangeTest" time="0.051" tests="80" errors="0" skipped="0" failures="0">
  <properties>
[...]
</properties>
  <testcase name="testToString" classname="RangeTest" time="0.016"/>
  <testcase name="testShiftNoZeroCrossingPositiveValueNoCross" classname="RangeTest" time="0.0"/>
  <testcase name="testCombineIgnoringNaNRange2NaNBoundRange1Valid" classname="RangeTest" time="0.0"/>
  <testcase name="testHashCodeEqualRangesHaveEqualHashCodes" classname="RangeTest" time="0.0"/>
  <testcase name="testCombineIgnoringNaNRange1NaNBoundRange2Valid" classname="RangeTest" time="0.0"/>
  <testcase name="testIntersectsB0InsideRangeB1AboveUpper" classname="RangeTest" time="0.0"/>
  <testcase name="testIntersectsB0BelowLowerB1AtLower" classname="RangeTest" time="0.0"/>
  <testcase name="testCombineIgnoringNaNRange2NullRange1Valid" classname="RangeTest" time="0.0"/>
  <testcase name="testConstructorLowerGreaterThanUpper" classname="RangeTest" time="0.0"/>
  <testcase name="testCombineIgnoringNaNBothNonNullValid" classname="RangeTest" time="0.0"/>
  <testcase name="testIntersectsB0BelowLowerB1InsideRange" classname="RangeTest" time="0.0"/>
  <testcase name="testCombineIgnoringNaNRange1NullRange2NaN" classname="RangeTest" time="0.0"/>
  <testcase name="testExpandToIncludeValueWithinRange" classname="RangeTest" time="0.0"/>
  <testcase name="testShiftNoZeroCrossingNegativeValueCrossesZero" classname="RangeTest" time="0.0"/>
  <testcase name="testIntersectsB0BelowLowerB1BelowLower" classname="RangeTest" time="0.0"/>
  <testcase name="testExpandLowerExceedsUpperAfterExpansion" classname="RangeTest" time="0.0"/>
  <testcase name="testIntersectsB0InsideRangeB1InsideRange" classname="RangeTest" time="0.0"/>
  <testcase name="testCombineIgnoringNaNRange2NullRange1NaN" classname="RangeTest" time="0.0"/>
  <testcase name="testCombineIgnoringNaNRange1NullRange2Valid" classname="RangeTest" time="0.0"/>
  <testcase name="testShiftNoZeroCrossingNegativeValueNoCross" classname="RangeTest" time="0.0"/>
  <testcase name="testShiftNoZeroCrossingPositiveValueCrossesZero" classname="RangeTest" time="0.0"/>
  <testcase name="testScaleByZero" classname="RangeTest" time="0.0"/>
  <testcase name="testEqualsNull" classname="RangeTest" time="0.0"/>
  <testcase name="testScaleNullBase" classname="RangeTest" time="0.0"/>
  <testcase name="testExpandNormal" classname="RangeTest" time="0.0"/>
  <testcase name="testShiftNullBase" classname="RangeTest" time="0.0"/>
  <testcase name="testScaleNormal" classname="RangeTest" time="0.0"/>
  <testcase name="testGetCentralValuePositiveRange" classname="RangeTest" time="0.0"/>
  <testcase name="testConstructorValidBounds" classname="RangeTest" time="0.0"/>
  <testcase name="testConstructorEqualBounds" classname="RangeTest" time="0.0"/>
  <testcase name="testGetLowerBoundNegativeRange" classname="RangeTest" time="0.0"/>
  <testcase name="testGetCentralValueSymmetricRange" classname="RangeTest" time="0.0"/>
  <testcase name="testShiftAllowZeroCrossingTrue" classname="RangeTest" time="0.0"/>
  <testcase name="testEqualsNonRangeObject" classname="RangeTest" time="0.0"/>
  <testcase name="testEqualsDifferentLower" classname="RangeTest" time="0.0"/>
  <testcase name="testIsNaNRangeBothNaN" classname="RangeTest" time="0.0"/>
  <testcase name="testScaleNegativeFactor" classname="RangeTest" time="0.0"/>
  <testcase name="testIsNaNRangeNeitherNaN" classname="RangeTest" time="0.0"/>
  <testcase name="testContainsValueAboveUpper" classname="RangeTest" time="0.0"/>
  <testcase name="testExpandToIncludeNullRange" classname="RangeTest" time="0.0"/>
  <testcase name="testGetUpperBoundPositiveRange" classname="RangeTest" time="0.0"/>
  <testcase name="testIntersectsB0AboveUpper" classname="RangeTest" time="0.0"/>
  <testcase name="testShiftPositiveDelta" classname="RangeTest" time="0.0"/>
  <testcase name="testContainsValueBelowLower" classname="RangeTest" time="0.0"/>
  <testcase name="testConstrainValueAtLowerBound" classname="RangeTest" time="0.0"/>
  <testcase name="testHashCodeConsistency" classname="RangeTest" time="0.0"/>
  <testcase name="testShiftNoZeroCrossingZeroValue" classname="RangeTest" time="0.0"/>
  <testcase name="testCombineRange1Null" classname="RangeTest" time="0.0"/>
  <testcase name="testGetLengthPositiveRange" classname="RangeTest" time="0.0"/>
  <testcase name="testGetCentralValueNegativeRange" classname="RangeTest" time="0.0"/>
  <testcase name="testIntersectsRangeOverlapping" classname="RangeTest" time="0.0"/>
  <testcase name="testConstrainValueAtUpperBound" classname="RangeTest" time="0.0"/>
  <testcase name="testCombineRange2Null" classname="RangeTest" time="0.0"/>
  <testcase name="testGetLengthZeroLength" classname="RangeTest" time="0.0"/>
  <testcase name="testContainsValueAtUpperBound" classname="RangeTest" time="0.0"/>
  <testcase name="testGetLowerBoundPositiveRange" classname="RangeTest" time="0.0"/>
  <testcase name="testIntersectsB0AtUpper" classname="RangeTest" time="0.0"/>
  <testcase name="testShiftNegativeDelta" classname="RangeTest" time="0.0"/>
  <testcase name="testGetCentralValueZeroLength" classname="RangeTest" time="0.0"/>
  <testcase name="testConstrainValueWithinRange" classname="RangeTest" time="0.0"/>
  <testcase name="testContainsValueAtLowerBound" classname="RangeTest" time="0.0"/>
  <testcase name="testCombineIgnoringNaNBothNull" classname="RangeTest" time="0.0"/>
  <testcase name="testToStringNegativeBounds" classname="RangeTest" time="0.0"/>
  <testcase name="testExpandToIncludeValueBelowLower" classname="RangeTest" time="0.0"/>
  <testcase name="testContainsValueInMiddle" classname="RangeTest" time="0.0"/>
  <testcase name="testCombineIgnoringNaNBothNaN" classname="RangeTest" time="0.0"/>
  <testcase name="testGetUpperBoundNegativeRange" classname="RangeTest" time="0.0"/>
  <testcase name="testEqualsDifferentUpper" classname="RangeTest" time="0.0"/>
  <testcase name="testConstrainValueAboveUpper" classname="RangeTest" time="0.0"/>
  <testcase name="testConstrainValueBelowLower" classname="RangeTest" time="0.0"/>
  <testcase name="testExpandToIncludeValueAboveUpper" classname="RangeTest" time="0.0"/>
  <testcase name="testGetLowerBoundFromSetUp" classname="RangeTest" time="0.0"/>
  <testcase name="testGetLengthCrossZero" classname="RangeTest" time="0.0"/>
  <testcase name="testCombineBothNull" classname="RangeTest" time="0.0"/>
  <testcase name="testConstructorNegativeBounds" classname="RangeTest" time="0.0"/>
  <testcase name="testGetUpperBoundFromSetUp" classname="RangeTest" time="0.0"/>
  <testcase name="testExpandNullRange" classname="RangeTest" time="0.0"/>
  <testcase name="testIntersectsRangeNonOverlapping" classname="RangeTest" time="0.0"/>
  <testcase name="testEqualsIdenticalRanges" classname="RangeTest" time="0.0"/>
  <testcase name="testCombineBothNonNull" classname="RangeTest" time="0.0"/>
</testsuite>